<?xml version="1.0" encoding="UTF-8"?>
<!-- Generated by org.testng.reporters.JUnitReportReporter -->
<testsuite hostname="DESKTOP-A9F4ONV" failures="0" tests="4" name="SampleTestCase" time="0.024" errors="0" timestamp="2022-10-20T21:41:14 IST" skipped="0">
  <testcase classname="SampleTestCase" name="secondTestCase" time="0.004"/>
  <system-out/>
  <testcase classname="SampleTestCase" name="thirdTestCase" time="0.004"/>
  <system-out/>
  <testcase classname="SampleTestCase" name="firstTestCase" time="0.012"/>
  <system-out/>
  <testcase classname="SampleTestCase" name="lastTestCase" time="0.004"/>
  <system-out/>
</testsuite> <!-- SampleTestCase -->
